<?xml version="1.0" encoding="UTF-8"?>
<testng-results skipped="0" failed="0" total="1" passed="1">
  <reporter-output>
  </reporter-output>
  <suite name="All Test Suite" duration-ms="9077" started-at="2020-01-09T08:23:09Z" finished-at="2020-01-09T08:23:18Z">
    <groups>
    </groups>
    <test name="/Users/manish/Documents/MobileAppAutomationUsingJava" duration-ms="9077" started-at="2020-01-09T08:23:09Z" finished-at="2020-01-09T08:23:18Z">
      <class name="com.qa.TestFiles.AppTest">
        <test-method status="PASS" signature="TestFour()[pri:0, instance:com.qa.TestFiles.AppTest@769a1df5]" name="TestFour" duration-ms="8762" started-at="2020-01-09T13:53:09Z" finished-at="2020-01-09T13:53:18Z">
          <reporter-output>
          </reporter-output>
        </test-method> <!-- TestFour -->
      </class> <!-- com.qa.TestFiles.AppTest -->
    </test> <!-- /Users/manish/Documents/MobileAppAutomationUsingJava -->
  </suite> <!-- All Test Suite -->
</testng-results>
