<?xml version="1.0" encoding="UTF-8"?>
<testng-results skipped="0" failed="0" total="1" passed="1">
  <reporter-output>
  </reporter-output>
  <suite name="All Test Suite" duration-ms="9437" started-at="2020-01-10T10:46:44Z" finished-at="2020-01-10T10:46:54Z">
    <groups>
    </groups>
    <test name="/Users/manish/Documents/MobileAppAutomationUsingJava" duration-ms="9437" started-at="2020-01-10T10:46:44Z" finished-at="2020-01-10T10:46:54Z">
      <class name="com.qa.TestFiles.AppTest">
        <test-method status="PASS" signature="TestFour()[pri:0, instance:com.qa.TestFiles.AppTest@60db1c0e]" name="TestFour" duration-ms="9109" started-at="2020-01-10T16:16:45Z" finished-at="2020-01-10T16:16:54Z">
          <reporter-output>
          </reporter-output>
        </test-method> <!-- TestFour -->
      </class> <!-- com.qa.TestFiles.AppTest -->
    </test> <!-- /Users/manish/Documents/MobileAppAutomationUsingJava -->
  </suite> <!-- All Test Suite -->
</testng-results>
